 python .\advanced.py
Generation 0: Best Cost = 2821.34, Avg Cost = 2960.77
Generation 20: Best Cost = 2821.34, Avg Cost = 2879.21
Generation 40: Best Cost = 2821.34, Avg Cost = 2886.25
Generation 60: Best Cost = 2821.34, Avg Cost = 2903.19
Generation 80: Best Cost = 2821.34, Avg Cost = 2896.25
Generation 100: Best Cost = 2821.34, Avg Cost = 2900.08
Generation 120: Best Cost = 2821.34, Avg Cost = 2888.81
Generation 140: Best Cost = 2821.34, Avg Cost = 2891.10
Generation 160: Best Cost = 2821.34, Avg Cost = 2880.29
Generation 180: Best Cost = 2821.34, Avg Cost = 2877.18
Generation 200: Best Cost = 2821.34, Avg Cost = 2886.66
Generation 220: Best Cost = 2821.34, Avg Cost = 2875.68
Generation 240: Best Cost = 2821.34, Avg Cost = 2896.15
Early stopping at generation 251 due to stagnation
=== 最优解 ===
总用电成本: 2821.34 元
尖峰时段总加工时间: 0.0 分钟

最优工件顺序: J2 → J5 → J1 → J3 → J4

=== 详细调度方案 ===

工件2:
  机器1: 07:00-07:33
    时段详情:
    - 平峰 07:00-07:33: 33.0分钟, 电价=0.7181元/kWh, 电费=236.97元

  机器2: 07:33-08:07
    时段详情:
    - 平峰 07:33-08:07: 34.0分钟, 电价=0.7181元/kWh, 电费=146.49元

  机器3: 08:07-08:27
    时段详情:
    - 平峰 08:07-08:27: 20.0分钟, 电价=0.7181元/kWh, 电费=114.90元


工件5:
  机器1: 07:33-08:11
    时段详情:
    - 平峰 07:33-08:11: 38.0分钟, 电价=0.7181元/kWh, 电费=272.88元

  机器2: 08:11-08:26
    时段详情:
    - 平峰 08:11-08:26: 15.0分钟, 电价=0.7181元/kWh, 电费=64.63元

  机器3: 08:27-09:02
    时段详情:
    - 平峰 08:27-09:02: 35.0分钟, 电价=0.7181元/kWh, 电费=201.07元


工件1:
  机器1: 08:11-08:31
    时段详情:
    - 平峰 08:11-08:31: 20.0分钟, 电价=0.7181元/kWh, 电费=143.62元

  机器2: 08:31-09:03
    时段详情:
    - 平峰 08:31-09:03: 32.0分钟, 电价=0.7181元/kWh, 电费=137.88元

  机器3: 09:03-09:17
    时段详情:
    - 平峰 09:03-09:17: 14.0分钟, 电价=0.7181元/kWh, 电费=80.43元


工件3:
  机器1: 08:31-09:16
    时段详情:
    - 平峰 08:31-09:16: 45.0分钟, 电价=0.7181元/kWh, 电费=323.14元

  机器2: 09:16-09:30
    时段详情:
    - 平峰 09:16-09:30: 14.0分钟, 电价=0.7181元/kWh, 电费=60.32元

  机器3: 09:30-10:00
    时段详情:
    - 平峰 09:30-10:00: 30.0分钟, 电价=0.7181元/kWh, 电费=172.34元


工件4:
  机器1: 09:16-10:19
    时段详情:
    - 平峰 09:16-10:00: 44.0分钟, 电价=0.7181元/kWh, 电费=315.96元
    - 高峰 10:00-10:19: 19.0分钟, 电价=1.2238元/kWh, 电费=232.52元

  机器2: 10:19-10:41
    时段详情:
    - 高峰 10:19-10:41: 22.0分钟, 电价=1.2238元/kWh, 电费=161.54元

  机器3: 10:41-10:57
    时段详情:
    - 高峰 10:41-10:57: 16.0分钟, 电价=1.2238元/kWh, 电费=156.65元


PS C:\Users\26402\Desktop\ManagerialOperations\finalproject\code> python .\advanced.py
Generation 0: Best Cost = 2821.34, Avg Cost = 2965.50
Generation 20: Best Cost = 2821.34, Avg Cost = 2877.56
Generation 40: Best Cost = 2821.34, Avg Cost = 2896.23
Generation 60: Best Cost = 2821.34, Avg Cost = 2902.48
Generation 80: Best Cost = 2821.34, Avg Cost = 2889.31
Generation 100: Best Cost = 2821.34, Avg Cost = 2886.69
Generation 120: Best Cost = 2821.34, Avg Cost = 2889.79
Generation 140: Best Cost = 2821.34, Avg Cost = 2888.65
Generation 160: Best Cost = 2821.34, Avg Cost = 2891.23
Generation 180: Best Cost = 2821.34, Avg Cost = 2899.88
Generation 200: Best Cost = 2821.34, Avg Cost = 2889.61
Generation 220: Best Cost = 2821.34, Avg Cost = 2883.39
Generation 240: Best Cost = 2821.34, Avg Cost = 2888.81
Early stopping at generation 251 due to stagnation
=== 最优解 ===
总用电成本: 2821.34 元
尖峰时段总加工时间: 0.0 分钟

最优工件顺序: J1 → J2 → J5 → J3 → J4

=== 详细调度方案 ===

工件1:
  机器1: 07:00-07:20
    时段详情:
    - 平峰 07:00-07:20: 20.0分钟, 电价=0.7181元/kWh, 电费=143.62元

  机器2: 07:20-07:52
    时段详情:
    - 平峰 07:20-07:52: 32.0分钟, 电价=0.7181元/kWh, 电费=137.88元

  机器3: 07:52-08:06
    时段详情:
    - 平峰 07:52-08:06: 14.0分钟, 电价=0.7181元/kWh, 电费=80.43元


工件2:
  机器1: 07:20-07:53
    时段详情:
    - 平峰 07:20-07:53: 33.0分钟, 电价=0.7181元/kWh, 电费=236.97元

  机器2: 07:53-08:27
    时段详情:
    - 平峰 07:53-08:27: 34.0分钟, 电价=0.7181元/kWh, 电费=146.49元

  机器3: 08:27-08:47
    时段详情:
    - 平峰 08:27-08:47: 20.0分钟, 电价=0.7181元/kWh, 电费=114.90元


工件5:
  机器1: 07:53-08:31
    时段详情:
    - 平峰 07:53-08:31: 38.0分钟, 电价=0.7181元/kWh, 电费=272.88元

  机器2: 08:31-08:46
    时段详情:
    - 平峰 08:31-08:46: 15.0分钟, 电价=0.7181元/kWh, 电费=64.63元

  机器3: 08:47-09:22
    时段详情:
    - 平峰 08:47-09:22: 35.0分钟, 电价=0.7181元/kWh, 电费=201.07元


工件3:
  机器1: 08:31-09:16
    时段详情:
    - 平峰 08:31-09:16: 45.0分钟, 电价=0.7181元/kWh, 电费=323.14元

  机器2: 09:16-09:30
    时段详情:
    - 平峰 09:16-09:30: 14.0分钟, 电价=0.7181元/kWh, 电费=60.32元

  机器3: 09:30-10:00
    时段详情:
    - 平峰 09:30-10:00: 30.0分钟, 电价=0.7181元/kWh, 电费=172.34元


工件4:
  机器1: 09:16-10:19
    时段详情:
    - 平峰 09:16-10:00: 44.0分钟, 电价=0.7181元/kWh, 电费=315.96元
    - 高峰 10:00-10:19: 19.0分钟, 电价=1.2238元/kWh, 电费=232.52元

  机器2: 10:19-10:41
    时段详情:
    - 高峰 10:19-10:41: 22.0分钟, 电价=1.2238元/kWh, 电费=161.54元

  机器3: 10:41-10:57
    时段详情:
    - 高峰 10:41-10:57: 16.0分钟, 电价=1.2238元/kWh, 电费=156.65元


PS C:\Users\26402\Desktop\ManagerialOperations\finalproject\code> python .\advanced.py
Generation 0: Best Cost = 2821.34, Avg Cost = 2960.91
Generation 20: Best Cost = 2821.34, Avg Cost = 2867.54
Generation 40: Best Cost = 2821.34, Avg Cost = 2889.07
Generation 60: Best Cost = 2821.34, Avg Cost = 2883.70
Generation 80: Best Cost = 2821.34, Avg Cost = 2887.75
Generation 100: Best Cost = 2821.34, Avg Cost = 2897.85
Generation 120: Best Cost = 2821.34, Avg Cost = 2884.76
Generation 140: Best Cost = 2821.34, Avg Cost = 2889.55
Generation 160: Best Cost = 2821.34, Avg Cost = 2895.01
Generation 180: Best Cost = 2821.34, Avg Cost = 2888.07
Generation 200: Best Cost = 2821.34, Avg Cost = 2879.11
Generation 220: Best Cost = 2821.34, Avg Cost = 2893.64
Generation 240: Best Cost = 2821.34, Avg Cost = 2907.66
Early stopping at generation 251 due to stagnation
=== 最优解 ===
总用电成本: 2821.34 元
尖峰时段总加工时间: 0.0 分钟

最优工件顺序: J2 → J1 → J5 → J3 → J4

=== 详细调度方案 ===

工件2:
  机器1: 07:00-07:33
    时段详情:
    - 平峰 07:00-07:33: 33.0分钟, 电价=0.7181元/kWh, 电费=236.97元

  机器2: 07:33-08:07
    时段详情:
    - 平峰 07:33-08:07: 34.0分钟, 电价=0.7181元/kWh, 电费=146.49元

  机器3: 08:07-08:27
    时段详情:
    - 平峰 08:07-08:27: 20.0分钟, 电价=0.7181元/kWh, 电费=114.90元


工件1:
  机器1: 07:33-07:53
    时段详情:
    - 平峰 07:33-07:53: 20.0分钟, 电价=0.7181元/kWh, 电费=143.62元

  机器2: 08:07-08:39
    时段详情:
    - 平峰 08:07-08:39: 32.0分钟, 电价=0.7181元/kWh, 电费=137.88元

  机器3: 08:39-08:53
    时段详情:
    - 平峰 08:39-08:53: 14.0分钟, 电价=0.7181元/kWh, 电费=80.43元


工件5:
  机器1: 07:53-08:31
    时段详情:
    - 平峰 07:53-08:31: 38.0分钟, 电价=0.7181元/kWh, 电费=272.88元

  机器2: 08:39-08:54
    时段详情:
    - 平峰 08:39-08:54: 15.0分钟, 电价=0.7181元/kWh, 电费=64.63元

  机器3: 08:54-09:29
    时段详情:
    - 平峰 08:54-09:29: 35.0分钟, 电价=0.7181元/kWh, 电费=201.07元


工件3:
  机器1: 08:31-09:16
    时段详情:
    - 平峰 08:31-09:16: 45.0分钟, 电价=0.7181元/kWh, 电费=323.14元

  机器2: 09:16-09:30
    时段详情:
    - 平峰 09:16-09:30: 14.0分钟, 电价=0.7181元/kWh, 电费=60.32元

  机器3: 09:30-10:00
    时段详情:
    - 平峰 09:30-10:00: 30.0分钟, 电价=0.7181元/kWh, 电费=172.34元


工件4:
  机器1: 09:16-10:19
    时段详情:
    - 平峰 09:16-10:00: 44.0分钟, 电价=0.7181元/kWh, 电费=315.96元
    - 高峰 10:00-10:19: 19.0分钟, 电价=1.2238元/kWh, 电费=232.52元

  机器2: 10:19-10:41
    时段详情:
    - 高峰 10:19-10:41: 22.0分钟, 电价=1.2238元/kWh, 电费=161.54元

  机器3: 10:41-10:57
    时段详情:
    - 高峰 10:41-10:57: 16.0分钟, 电价=1.2238元/kWh, 电费=156.65元


PS C:\Users\26402\Desktop\ManagerialOperations\finalproject\code> python .\advanced.py
Generation 0: Best Cost = 2821.34, Avg Cost = 2961.93
Generation 20: Best Cost = 2821.34, Avg Cost = 2880.90
Generation 40: Best Cost = 2821.34, Avg Cost = 2902.52
Generation 60: Best Cost = 2821.34, Avg Cost = 2917.26
Generation 80: Best Cost = 2821.34, Avg Cost = 2874.59
Generation 100: Best Cost = 2821.34, Avg Cost = 2882.32
Generation 120: Best Cost = 2821.34, Avg Cost = 2909.39
Generation 140: Best Cost = 2821.34, Avg Cost = 2901.26
Generation 160: Best Cost = 2821.34, Avg Cost = 2886.93
Generation 180: Best Cost = 2821.34, Avg Cost = 2906.23
Generation 200: Best Cost = 2821.34, Avg Cost = 2888.86
Generation 220: Best Cost = 2821.34, Avg Cost = 2886.94
Generation 240: Best Cost = 2821.34, Avg Cost = 2894.55
Early stopping at generation 251 due to stagnation
=== 最优解 ===
总用电成本: 2821.34 元
尖峰时段总加工时间: 0.0 分钟

最优工件顺序: J5 → J1 → J2 → J3 → J4

=== 详细调度方案 ===

工件5:
  机器1: 07:00-07:38
    时段详情:
    - 平峰 07:00-07:38: 38.0分钟, 电价=0.7181元/kWh, 电费=272.88元

  机器2: 07:38-07:53
    时段详情:
    - 平峰 07:38-07:53: 15.0分钟, 电价=0.7181元/kWh, 电费=64.63元

  机器3: 07:53-08:28
    时段详情:
    - 平峰 07:53-08:28: 35.0分钟, 电价=0.7181元/kWh, 电费=201.07元


工件1:
  机器1: 07:38-07:58
    时段详情:
    - 平峰 07:38-07:58: 20.0分钟, 电价=0.7181元/kWh, 电费=143.62元

  机器2: 07:58-08:30
    时段详情:
    - 平峰 07:58-08:30: 32.0分钟, 电价=0.7181元/kWh, 电费=137.88元

  机器3: 08:30-08:44
    时段详情:
    - 平峰 08:30-08:44: 14.0分钟, 电价=0.7181元/kWh, 电费=80.43元


工件2:
  机器1: 07:58-08:31
    时段详情:
    - 平峰 07:58-08:31: 33.0分钟, 电价=0.7181元/kWh, 电费=236.97元

  机器2: 08:31-09:05
    时段详情:
    - 平峰 08:31-09:05: 34.0分钟, 电价=0.7181元/kWh, 电费=146.49元

  机器3: 09:05-09:25
    时段详情:
    - 平峰 09:05-09:25: 20.0分钟, 电价=0.7181元/kWh, 电费=114.90元


工件3:
  机器1: 08:31-09:16
    时段详情:
    - 平峰 08:31-09:16: 45.0分钟, 电价=0.7181元/kWh, 电费=323.14元

  机器2: 09:16-09:30
    时段详情:
    - 平峰 09:16-09:30: 14.0分钟, 电价=0.7181元/kWh, 电费=60.32元

  机器3: 09:30-10:00
    时段详情:
    - 平峰 09:30-10:00: 30.0分钟, 电价=0.7181元/kWh, 电费=172.34元


工件4:
  机器1: 09:16-10:19
    时段详情:
    - 平峰 09:16-10:00: 44.0分钟, 电价=0.7181元/kWh, 电费=315.96元
    - 高峰 10:00-10:19: 19.0分钟, 电价=1.2238元/kWh, 电费=232.52元

  机器2: 10:19-10:41
    时段详情:
    - 高峰 10:19-10:41: 22.0分钟, 电价=1.2238元/kWh, 电费=161.54元

  机器3: 10:41-10:57
    时段详情:
    - 高峰 10:41-10:57: 16.0分钟, 电价=1.2238元/kWh, 电费=156.65元

